2017-03-29 16:12:02.598064 ==> D:/DOCI/0_Kameya_tablo_16_maya.doc
2017-03-29 16:12:02.598064 ==> D:/DOCI/10channel_price_010405.xls
2017-03-29 16:12:02.598064 ==> D:/DOCI/222222Х.doc
2017-03-29 16:12:02.598064 ==> D:/DOCI/3.doc
2017-03-29 16:12:02.598064 ==> D:/DOCI/adres.doc
2017-03-29 16:12:02.598064 ==> D:/DOCI/ANKETA_FILQMA.doc
2017-03-29 16:12:02.598064 ==> D:/DOCI/avr57.doc
2017-03-29 16:12:02.598064 ==> D:/DOCI/blank.doc
2017-03-29 16:12:02.598064 ==> D:/DOCI/bum1.rar
2017-03-29 16:12:02.598064 ==> D:/DOCI/carren.txt
2017-03-29 16:12:02.598064 ==> D:/DOCI/catalogue_file_71.xls
2017-03-29 16:12:02.598064 ==> D:/DOCI/catalogue_file_74.xls
2017-03-29 16:12:02.598064 ==> D:/DOCI/CSENAR большая жизнь.doc
2017-03-29 16:12:02.598064 ==> D:/DOCI/DAIV KR MR.txt
2017-03-29 16:12:02.598064 ==> D:/DOCI/DELA.doc
2017-03-29 16:12:02.598064 ==> D:/DOCI/DOLG.doc
2017-03-29 16:12:02.598064 ==> D:/DOCI/GALIA.doc
2017-03-29 16:12:02.598064 ==> D:/DOCI/JABLONEX.doc
2017-03-29 16:12:02.598064 ==> D:/DOCI/JABLONEX02.doc
2017-03-29 16:12:02.598064 ==> D:/DOCI/Kameya_18_05.doc
2017-03-29 16:12:02.598064 ==> D:/DOCI/Kameya_tablo_16_maya.doc
2017-03-29 16:12:02.598064 ==> D:/DOCI/Kameya_tablo_16_maya002.doc
2017-03-29 16:12:02.598064 ==> D:/DOCI/Kameya_tablo_22мая.doc
2017-03-29 16:12:02.598064 ==> D:/DOCI/mani.xls
2017-03-29 16:12:02.598064 ==> D:/DOCI/maniKay.xls
2017-03-29 16:12:02.598064 ==> D:/DOCI/MINUS_ABS GD.doc
2017-03-29 16:12:02.598064 ==> D:/DOCI/pricelist-sgtrk-tv.xls
2017-03-29 16:12:02.598064 ==> D:/DOCI/pricelist-sgtrk.xls
2017-03-29 16:12:02.598064 ==> D:/DOCI/rbc.doc
2017-03-29 16:12:02.598064 ==> D:/DOCI/Rezume_bsv.doc
2017-03-29 16:12:02.598064 ==> D:/DOCI/RUSSIAN B C.doc
2017-03-29 16:12:02.598064 ==> D:/DOCI/sibir.doc
2017-03-29 16:12:02.598064 ==> D:/DOCI/Skai_Selhit_scenarii_novyi-1.doc
2017-03-29 16:12:02.598064 ==> D:/DOCI/smeta RBC.doc
2017-03-29 16:12:02.598064 ==> D:/DOCI/smeta RBC02.doc
2017-03-29 16:12:02.598064 ==> D:/DOCI/TELEFONY1....doc
2017-03-29 16:12:02.598064 ==> D:/DOCI/UDrekv.doc
2017-03-29 16:12:02.598064 ==> D:/DOCI/VINIL ZA TOBOI.doc
2017-03-29 16:12:02.598064 ==> D:/DOCI/VINIL ZA TOBOISCENAR.doc
2017-03-29 16:12:02.598064 ==> D:/DOCI/VINIL ZA TOBOISCENAR2.doc
2017-03-29 16:12:02.598064 ==> D:/DOCI/VINIL ZA TOBOISCENAR3.doc
2017-03-29 16:12:02.598064 ==> D:/DOCI/VINIL ZA TOBOISCENARNNN.doc
2017-03-29 16:12:02.598064 ==> D:/DOCI/VINIL ZA TOBOIграфик.doc
2017-03-29 16:12:02.598064 ==> D:/DOCI/VINIL ZA TOBOIкостюмы.doc
2017-03-29 16:12:02.598064 ==> D:/DOCI/VINIL ZA TOBOIплощадки.doc
2017-03-29 16:12:02.598064 ==> D:/DOCI/VINIL ZA TOBOIреквизит.doc
2017-03-29 16:12:02.598064 ==> D:/DOCI/VINIL ZA TOBOIроли.doc
2017-03-29 16:12:02.598064 ==> D:/DOCI/VINIL ZA TOBOIтехн.doc
2017-03-29 16:12:02.598064 ==> D:/DOCI/zakon_o_reklame.doc
2017-03-29 16:12:02.598064 ==> D:/DOCI/Андрей КАБАНОВ.doc
2017-03-29 16:12:02.598064 ==> D:/DOCI/Анекд.docx
2017-03-29 16:12:02.598064 ==> D:/DOCI/база телефонов.doc
2017-03-29 16:12:02.598064 ==> D:/DOCI/бланк гарант письмо тест др 24_30 дек 2008.doc
2017-03-29 16:12:02.598064 ==> D:/DOCI/бланк гарант письмо тест др.doc
2017-03-29 16:12:02.598064 ==> D:/DOCI/В этом садике сейчас.doc
2017-03-29 16:12:02.598064 ==> D:/DOCI/Географический охват ОТВ.doc
2017-03-29 16:12:02.598064 ==> D:/DOCI/девоч.doc
2017-03-29 16:12:02.598064 ==> D:/DOCI/ДОГОВОР для Ночных Новостей.doc
2017-03-29 16:12:02.598064 ==> D:/DOCI/Документ Microsoft Office Word (2).docx
2017-03-29 16:12:02.598064 ==> D:/DOCI/Документ Microsoft Office Word.docx
2017-03-29 16:12:02.598064 ==> D:/DOCI/Закон об авторском праве.rtf
2017-03-29 16:12:02.598064 ==> D:/DOCI/зеркала.doc
2017-03-29 16:12:02.598064 ==> D:/DOCI/Каинов 41 канал.xls
2017-03-29 16:12:02.598064 ==> D:/DOCI/Каинов РТР.xls
2017-03-29 16:12:02.598064 ==> D:/DOCI/Каинов ТАУ.xls
2017-03-29 16:12:02.598064 ==> D:/DOCI/кайно деловой.doc
2017-03-29 16:12:02.598064 ==> D:/DOCI/кайно деловой2.doc
2017-03-29 16:12:02.598064 ==> D:/DOCI/Копия CSENAR большая жизнь.doc
2017-03-29 16:12:02.598064 ==> D:/DOCI/Копия Спонсорский пакет НН.doc
2017-03-29 16:12:02.598064 ==> D:/DOCI/Корбина.docx
2017-03-29 16:12:02.598064 ==> D:/DOCI/Музсправка МКРФ Самооборона 100% стул.doc
2017-03-29 16:12:02.598064 ==> D:/DOCI/Начальнику ГИБДД ЦО г.doc
2017-03-29 16:12:02.598064 ==> D:/DOCI/новый лидер Якутии, испр.doc
2017-03-29 16:12:02.598064 ==> D:/DOCI/Новый национальный лидер Якутии.doc
2017-03-29 16:12:02.598064 ==> D:/DOCI/Ночные Новости.xls
2017-03-29 16:12:02.598064 ==> D:/DOCI/ПОРТАЛ.doc
2017-03-29 16:12:02.598064 ==> D:/DOCI/Прайс Студии-41 4 апреля 2005.xls
2017-03-29 16:12:02.598064 ==> D:/DOCI/Проект на осень ТВ Новокурьинская.xls
2017-03-29 16:12:02.599064 ==> D:/DOCI/ПСВЙЮ zircon.cdr
2017-03-29 16:12:02.599064 ==> D:/DOCI/Резюме.doc
2017-03-29 16:12:02.599064 ==> D:/DOCI/ролик_АСП.doc
2017-03-29 16:12:02.599064 ==> D:/DOCI/С.Кайнов резюме.doc
2017-03-29 16:12:02.599064 ==> D:/DOCI/Семейная пара.docx
2017-03-29 16:12:02.599064 ==> D:/DOCI/сестры люди.doc
2017-03-29 16:12:02.599064 ==> D:/DOCI/Скай Селхит + смета.doc
2017-03-29 16:12:02.599064 ==> D:/DOCI/Скай Селхит сценарий новый.doc
2017-03-29 16:12:02.599064 ==> D:/DOCI/Скай Селхит сценарий.doc
2017-03-29 16:12:02.599064 ==> D:/DOCI/Скай Селхит.doc
2017-03-29 16:12:02.599064 ==> D:/DOCI/Смета Skay Video (доп).doc
2017-03-29 16:12:02.599064 ==> D:/DOCI/Смета SkayVideo.doc
2017-03-29 16:12:02.599064 ==> D:/DOCI/сметакино.doc
2017-03-29 16:12:02.599064 ==> D:/DOCI/сметаНЕРЕАЛЬНЫе.doc
2017-03-29 16:12:02.599064 ==> D:/DOCI/сметаНЕРЕАЛЬНЫе2.doc
2017-03-29 16:12:02.599064 ==> D:/DOCI/Спецификация 130.xls
2017-03-29 16:12:02.599064 ==> D:/DOCI/СТРИМ ПАРОЛЬ.docx
2017-03-29 16:12:02.599064 ==> D:/DOCI/Сценарный план УЕ-СТРАННИК 1 июля 2005.doc
2017-03-29 16:12:02.599064 ==> D:/DOCI/Сюжет эрос.doc
2017-03-29 16:12:02.599064 ==> D:/DOCI/Сюжет эрос.docx
2017-03-29 16:12:02.599064 ==> D:/DOCI/Фильмы.doc
2017-03-29 16:12:02.599064 ==> D:/DOCI/фонарики.doc
2017-03-29 16:12:02.599064 ==> D:/DOCI/шаблон  ТАУ АТН.xls
2017-03-29 16:12:02.599064 ==> D:/DOCI/ШОКО.doc
2017-03-29 16:12:02.599064 ==> D:/DOCI/ШОКОkadr.doc
2017-03-29 16:12:02.599064 ==> D:/DOCI/ШОКОrekviz.doc
2017-03-29 16:12:02.599064 ==> D:/DOCI/Штайнел 30  ТАУ тотем.xls
2017-03-29 16:12:02.599064 ==> D:/DOCI/ШУЛЕПОВА ГАЛЯ.docx
2017-03-29 16:12:02.599064 ==> D:/DOCI/Ю каталог ля Кайнова.doc
2017-03-29 16:12:02.599064 ==> D:/DOCI/ЮБИЛЕЙ.doc
2017-03-29 16:12:02.599064 ==> D:/DOCI/CAM/CAM.doc
2017-03-29 16:12:02.599064 ==> D:/DOCI/CAM/Sony HDW.doc
2017-03-29 16:12:02.599064 ==> D:/DOCI/CAM/Sony.doc
2017-03-29 16:12:02.599064 ==> D:/DOCI/CAM/Документ Microsoft Word.doc
2017-03-29 16:12:02.599064 ==> D:/DOCI/CAM/Камкордер AJ.doc
2017-03-29 16:12:02.599064 ==> D:/DOCI/CAM/Монтаж.doc
2017-03-29 16:12:02.599064 ==> D:/DOCI/CAM/Мультиформатный камкордер.doc
2017-03-29 16:12:02.599064 ==> D:/DOCI/CAM/Операторское оборудование Movie Grip.doc
2017-03-29 16:12:02.599064 ==> D:/DOCI/doc/1907-2707[1].doc.xls
2017-03-29 16:12:02.599064 ==> D:/DOCI/doc/fotu.doc
2017-03-29 16:12:02.599064 ==> D:/DOCI/doc/munic_v08_10_2004.doc
2017-03-29 16:12:02.599064 ==> D:/DOCI/doc/NNblank.doc
2017-03-29 16:12:02.599064 ==> D:/DOCI/doc/NNспонсор.doc
2017-03-29 16:12:02.599064 ==> D:/DOCI/doc/russian_radio.doc
2017-03-29 16:12:02.599064 ==> D:/DOCI/doc/smeta.doc
2017-03-29 16:12:02.599064 ==> D:/DOCI/doc/view.doc
2017-03-29 16:12:02.599064 ==> D:/DOCI/doc/view3.doc
2017-03-29 16:12:02.599064 ==> D:/DOCI/doc/yluj.doc
2017-03-29 16:12:02.599064 ==> D:/DOCI/doc/акт сверки 4к.doc
2017-03-29 16:12:02.599064 ==> D:/DOCI/doc/Акт сверки.doc
2017-03-29 16:12:02.599064 ==> D:/DOCI/doc/акт сверки1 4к.doc
2017-03-29 16:12:02.599064 ==> D:/DOCI/doc/Архив эфирных материалов.doc
2017-03-29 16:12:02.599064 ==> D:/DOCI/doc/БегущаяАТН+10к.doc
2017-03-29 16:12:02.599064 ==> D:/DOCI/doc/Вечерний киносеанс.doc
2017-03-29 16:12:02.599064 ==> D:/DOCI/doc/ВОДА НОВОКУРЬИНСКАЯ.doc
2017-03-29 16:12:02.599064 ==> D:/DOCI/doc/ВОДА НОВОКУРЬИНСКАЯ2.doc
2017-03-29 16:12:02.599064 ==> D:/DOCI/doc/ВОДА НОВОКУРЬИНСКАЯ3.doc
2017-03-29 16:12:02.599064 ==> D:/DOCI/doc/ВОДА НОВОКУРЬИНСКАЯ4.doc
2017-03-29 16:12:02.599064 ==> D:/DOCI/doc/ВОДА НОВОКУРЬИНСКАЯ5.doc
2017-03-29 16:12:02.599064 ==> D:/DOCI/doc/Дата.doc
2017-03-29 16:12:02.599064 ==> D:/DOCI/doc/Дата2.doc
2017-03-29 16:12:02.599064 ==> D:/DOCI/doc/Две трети.doc
2017-03-29 16:12:02.599064 ==> D:/DOCI/doc/договор на изготовление  видео частн .doc
2017-03-29 16:12:02.599064 ==> D:/DOCI/doc/Договор4канал.doc
2017-03-29 16:12:02.599064 ==> D:/DOCI/doc/Дом, который.doc
2017-03-29 16:12:02.599064 ==> D:/DOCI/doc/заслуги.doc
2017-03-29 16:12:02.599064 ==> D:/DOCI/doc/Начальнику Управления ГИБД1.doc
2017-03-29 16:12:02.599064 ==> D:/DOCI/doc/НК.doc
2017-03-29 16:12:02.599064 ==> D:/DOCI/doc/ННреквизиты.doc
2017-03-29 16:12:02.599064 ==> D:/DOCI/doc/Ночные новости - отчет.doc
2017-03-29 16:12:02.599064 ==> D:/DOCI/doc/Ночные новости-передача прав.doc
2017-03-29 16:12:02.599064 ==> D:/DOCI/doc/Ночные новости.xls
2017-03-29 16:12:02.599064 ==> D:/DOCI/doc/ОТВ.doc
2017-03-29 16:12:02.599064 ==> D:/DOCI/doc/Ответственность предпринимателей и юр лиц.doc
2017-03-29 16:12:02.599064 ==> D:/DOCI/doc/Победа низких цен.doc
2017-03-29 16:12:02.599064 ==> D:/DOCI/doc/Погода.doc
2017-03-29 16:12:02.599064 ==> D:/DOCI/doc/прайс 4.doc
2017-03-29 16:12:02.599064 ==> D:/DOCI/doc/Прайс Динамит-май.doc
2017-03-29 16:12:02.599064 ==> D:/DOCI/doc/Прайс Европа Плюс май.doc
2017-03-29 16:12:02.600064 ==> D:/DOCI/doc/Прайс лист ИК.doc
2017-03-29 16:12:02.600064 ==> D:/DOCI/doc/прайс мерседес.doc
2017-03-29 16:12:02.600064 ==> D:/DOCI/doc/ПРАЙС НА ПЕЧАТНУЮ ПРОДУКЦИЮ.doc
2017-03-29 16:12:02.600064 ==> D:/DOCI/doc/прайс НТВ.doc
2017-03-29 16:12:02.600064 ==> D:/DOCI/doc/Прайс от 16.02.2004.doc
2017-03-29 16:12:02.600064 ==> D:/DOCI/doc/Прайс по видео производству.doc
2017-03-29 16:12:02.600064 ==> D:/DOCI/doc/Прайс РРмай.doc
2017-03-29 16:12:02.600064 ==> D:/DOCI/doc/Прайс сувенирка.doc
2017-03-29 16:12:02.600064 ==> D:/DOCI/doc/прайс ш-ф общий1.doc
2017-03-29 16:12:02.600064 ==> D:/DOCI/doc/Прайс Шансон-май.doc
2017-03-29 16:12:02.600064 ==> D:/DOCI/doc/ПрайсДУ160804.doc
2017-03-29 16:12:02.600064 ==> D:/DOCI/doc/Предложение студии VIP-TV новое 0704.doc
2017-03-29 16:12:02.600064 ==> D:/DOCI/doc/приложение_1_1_2.html
2017-03-29 16:12:02.600064 ==> D:/DOCI/doc/Сбор за регистрацию СМИ.doc
2017-03-29 16:12:02.600064 ==> D:/DOCI/doc/Структура раздела.doc
2017-03-29 16:12:02.600064 ==> D:/DOCI/doc/суперАТНновый.doc
2017-03-29 16:12:02.600064 ==> D:/DOCI/doc/счётбейк.doc
2017-03-29 16:12:02.600064 ==> D:/DOCI/doc/ТАУ.doc
2017-03-29 16:12:02.600064 ==> D:/DOCI/doc/ТВ СМИ.DO.doc
2017-03-29 16:12:02.600064 ==> D:/DOCI/doc/телефоны.doc
2017-03-29 16:12:02.600064 ==> D:/DOCI/doc/Техническое задание НН.doc
2017-03-29 16:12:02.600064 ==> D:/DOCI/doc/ШОКО.doc
2017-03-29 16:12:02.600064 ==> D:/DOCI/doc/Я выбираю с 22 августа 2004.doc
2017-03-29 16:12:02.600064 ==> D:/DOCI/doc/DOCI/carren.txt
2017-03-29 16:12:02.600064 ==> D:/DOCI/doc/DOCI/mani.xls
2017-03-29 16:12:02.600064 ==> D:/DOCI/doc/DOCI/maniKay.xls
2017-03-29 16:12:02.600064 ==> D:/DOCI/doc/DOCI/Patrushev.doc
2017-03-29 16:12:02.600064 ==> D:/DOCI/doc/DOCI/Всплывающий Баннер (1).doc
2017-03-29 16:12:02.600064 ==> D:/DOCI/doc/DOCI/Договор4канал.doc
2017-03-29 16:12:02.600064 ==> D:/DOCI/doc/DOCI/заслуги.doc
2017-03-29 16:12:02.600064 ==> D:/DOCI/doc/DOCI/Ночные новости - отчет.doc
2017-03-29 16:12:02.600064 ==> D:/DOCI/doc/DOCI/Ночные Новости.xls
2017-03-29 16:12:02.600064 ==> D:/DOCI/doc/DOCI/Очень медленно открывается дверь.doc
2017-03-29 16:12:02.600064 ==> D:/DOCI/doc/DOCI/пач.doc
2017-03-29 16:12:02.600064 ==> D:/DOCI/doc/DOCI/полярэкс.cdr
2017-03-29 16:12:02.600064 ==> D:/DOCI/doc/DOCI/ПОЛЯРЭКС.doc
2017-03-29 16:12:02.600064 ==> D:/DOCI/doc/DOCI/ПОЛЯРЭКСсмета.doc
2017-03-29 16:12:02.600064 ==> D:/DOCI/doc/DOCI/Размещение Роликов и Сюжетов.doc
2017-03-29 16:12:02.600064 ==> D:/DOCI/doc/DOCI/с нами выгодно1.doc
2017-03-29 16:12:02.600064 ==> D:/DOCI/doc/DOCI/сметакиноTAGDEM.doc
2017-03-29 16:12:02.600064 ==> D:/DOCI/doc/DOCI/сметакиноБУРМАШ.doc
2017-03-29 16:12:02.600064 ==> D:/DOCI/doc/DOCI/сметакиноБУРМАШ2.doc
2017-03-29 16:12:02.600064 ==> D:/DOCI/doc/DOCI/сметакиноПМ.doc
2017-03-29 16:12:02.600064 ==> D:/DOCI/doc/DOCI/снасти.doc
2017-03-29 16:12:02.600064 ==> D:/DOCI/doc/DOCI/Спецификация 130.xls
2017-03-29 16:12:02.600064 ==> D:/DOCI/doc/DOCI/телефоны.doc
2017-03-29 16:12:02.600064 ==> D:/DOCI/doc/DOCI/филм.doc
2017-03-29 16:12:02.600064 ==> D:/DOCI/doc/DOCI/шаблон  ТАУ АТН.xls
2017-03-29 16:12:02.600064 ==> D:/DOCI/doc/DOCI/ШОУ.doc
2017-03-29 16:12:02.600064 ==> D:/DOCI/doc/DOCI/Штайнел 30  ТАУ тотем.xls
2017-03-29 16:12:02.600064 ==> D:/DOCI/doc/PRAIS/Всплывающий Баннер (1).doc
2017-03-29 16:12:02.600064 ==> D:/DOCI/doc/PRAIS/Ком. предл. комплекс.doc
2017-03-29 16:12:02.600064 ==> D:/DOCI/doc/PRAIS/Копия REN-TV 06 2004.xls
2017-03-29 16:12:02.600064 ==> D:/DOCI/doc/PRAIS/Копия tagil_tv.xls
2017-03-29 16:12:02.600064 ==> D:/DOCI/doc/PRAIS/Копия Ермак 06 2004.xls
2017-03-29 16:12:02.600064 ==> D:/DOCI/doc/PRAIS/ОТВ.doc
2017-03-29 16:12:02.600064 ==> D:/DOCI/doc/PRAIS/прайс 4.doc
2017-03-29 16:12:02.600064 ==> D:/DOCI/doc/PRAIS/прайс мерседес.doc
2017-03-29 16:12:02.600064 ==> D:/DOCI/doc/PRAIS/ПРАЙС НА ПЕЧАТНУЮ ПРОДУКЦИЮ.doc
2017-03-29 16:12:02.600064 ==> D:/DOCI/doc/PRAIS/прайс НТВ.doc
2017-03-29 16:12:02.600064 ==> D:/DOCI/doc/PRAIS/Прайс по видео производству.doc
2017-03-29 16:12:02.600064 ==> D:/DOCI/doc/PRAIS/Прайс сувенирка.doc
2017-03-29 16:12:02.600064 ==> D:/DOCI/doc/PRAIS/прайс ш-ф общий1.doc
2017-03-29 16:12:02.600064 ==> D:/DOCI/doc/PRAIS/продукт.doc
2017-03-29 16:12:02.600064 ==> D:/DOCI/doc/PRAIS/Размещение Роликов и Сюжетов.doc
2017-03-29 16:12:02.600064 ==> D:/DOCI/doc/PRAIS/ТАУ.doc
2017-03-29 16:12:02.600064 ==> D:/DOCI/doc/PRAIS/ТВЦ.xls
2017-03-29 16:12:02.600064 ==> D:/DOCI/doc/PRAIS/прайсы радио/russian_radio.doc
2017-03-29 16:12:02.600064 ==> D:/DOCI/doc/PRAIS/прайсы радио/Прайс Динамит-май.doc
2017-03-29 16:12:02.600064 ==> D:/DOCI/doc/PRAIS/прайсы радио/Прайс Европа Плюс май.doc
2017-03-29 16:12:02.600064 ==> D:/DOCI/doc/PRAIS/прайсы радио/Прайс от 16.02.2004.doc
2017-03-29 16:12:02.600064 ==> D:/DOCI/doc/PRAIS/прайсы радио/Прайс РРмай.doc
2017-03-29 16:12:02.600064 ==> D:/DOCI/doc/PRAIS/прайсы радио/Прайс Шансон-май.doc
2017-03-29 16:12:02.600064 ==> D:/DOCI/doc/SCENARYI/CA8L6LFW.doc
2017-03-29 16:12:02.600064 ==> D:/DOCI/doc/SCENARYI/CAJAKFN1.DOC
2017-03-29 16:12:02.600064 ==> D:/DOCI/doc/SCENARYI/CAXOOB9T.doc
2017-03-29 16:12:02.600064 ==> D:/DOCI/doc/SCENARYI/Patrushev.doc
2017-03-29 16:12:02.600064 ==> D:/DOCI/doc/SCENARYI/yluj.doc
2017-03-29 16:12:02.600064 ==> D:/DOCI/doc/SCENARYI/арго.doc
2017-03-29 16:12:02.600064 ==> D:/DOCI/doc/SCENARYI/АСПсмета.doc
2017-03-29 16:12:02.600064 ==> D:/DOCI/doc/SCENARYI/АСПтехзадание.doc
2017-03-29 16:12:02.600064 ==> D:/DOCI/doc/SCENARYI/Для исключительно важных задач нужны.doc
2017-03-29 16:12:02.600064 ==> D:/DOCI/doc/SCENARYI/магнум.doc
2017-03-29 16:12:02.600064 ==> D:/DOCI/doc/SCENARYI/ПОЛЯРЭКС.doc
2017-03-29 16:12:02.600064 ==> D:/DOCI/doc/SCENARYI/Программа позиционирования личности через сми в данном случа.doc
2017-03-29 16:12:02.600064 ==> D:/DOCI/doc/SCENARYI/снасти.doc
2017-03-29 16:12:02.600064 ==> D:/DOCI/doc/SCENARYI/СТРАСТИ.doc
2017-03-29 16:12:02.600064 ==> D:/DOCI/doc/SCENARYI/Сценарные идеи.doc
2017-03-29 16:12:02.600064 ==> D:/DOCI/doc/SCENARYI/ЦЕЛЮЛОЗНЫЙ ЗАВОД.doc
2017-03-29 16:12:02.601064 ==> D:/DOCI/doc/SCENARYI/Юта Жили - Были.doc
2017-03-29 16:12:02.601064 ==> D:/DOCI/doc/Бухгалтерия/BABKI.doc
2017-03-29 16:12:02.601064 ==> D:/DOCI/doc/Бухгалтерия/chairs-Russia.xls
2017-03-29 16:12:02.601064 ==> D:/DOCI/doc/Бухгалтерия/Doc2.doc
2017-03-29 16:12:02.601064 ==> D:/DOCI/doc/Бухгалтерия/mail.doc
2017-03-29 16:12:02.601064 ==> D:/DOCI/doc/Бухгалтерия/view.doc
2017-03-29 16:12:02.601064 ==> D:/DOCI/doc/Бухгалтерия/view3.doc
2017-03-29 16:12:02.601064 ==> D:/DOCI/doc/Бухгалтерия/акт сверки 4к.doc
2017-03-29 16:12:02.601064 ==> D:/DOCI/doc/Бухгалтерия/волебол сидя.doc
2017-03-29 16:12:02.601064 ==> D:/DOCI/doc/Бухгалтерия/выходные 1.doc
2017-03-29 16:12:02.601064 ==> D:/DOCI/doc/Бухгалтерия/Выходные.doc
2017-03-29 16:12:02.601064 ==> D:/DOCI/doc/Бухгалтерия/Договор абонент газеты.doc
2017-03-29 16:12:02.601064 ==> D:/DOCI/doc/Бухгалтерия/договор на изготовление  видео частн .doc
2017-03-29 16:12:02.601064 ==> D:/DOCI/doc/Бухгалтерия/Договор4канал.doc
2017-03-29 16:12:02.601064 ==> D:/DOCI/doc/Бухгалтерия/закон о СМИ.doc
2017-03-29 16:12:02.601064 ==> D:/DOCI/doc/Бухгалтерия/Илья.doc
2017-03-29 16:12:02.601064 ==> D:/DOCI/doc/Бухгалтерия/Ксеноновый свет.doc
2017-03-29 16:12:02.601064 ==> D:/DOCI/doc/Бухгалтерия/лаверна.doc
2017-03-29 16:12:02.601064 ==> D:/DOCI/doc/Бухгалтерия/Новости 27-30.08.doc
2017-03-29 16:12:02.601064 ==> D:/DOCI/doc/Бухгалтерия/Ночные новости - отчет.doc
2017-03-29 16:12:02.601064 ==> D:/DOCI/doc/Бухгалтерия/Ночные новости-передача прав.doc
2017-03-29 16:12:02.601064 ==> D:/DOCI/doc/Бухгалтерия/Ночные Новости.xls
2017-03-29 16:12:02.601064 ==> D:/DOCI/doc/Бухгалтерия/оля_5.RTF
2017-03-29 16:12:02.601064 ==> D:/DOCI/doc/Бухгалтерия/Основное комерческое2.doc
2017-03-29 16:12:02.601064 ==> D:/DOCI/doc/Бухгалтерия/Основное комерческое22.doc
2017-03-29 16:12:02.601064 ==> D:/DOCI/doc/Бухгалтерия/пас2.doc
2017-03-29 16:12:02.601064 ==> D:/DOCI/doc/Бухгалтерия/перечень.xls
2017-03-29 16:12:02.601064 ==> D:/DOCI/doc/Бухгалтерия/плат 6.RTF
2017-03-29 16:12:02.601064 ==> D:/DOCI/doc/Бухгалтерия/плат 7.RTF
2017-03-29 16:12:02.601064 ==> D:/DOCI/doc/Бухгалтерия/плат 8.RTF
2017-03-29 16:12:02.601064 ==> D:/DOCI/doc/Бухгалтерия/поймают.doc
2017-03-29 16:12:02.601064 ==> D:/DOCI/doc/Бухгалтерия/ПОРУЧ_1анн.rtf
2017-03-29 16:12:02.601064 ==> D:/DOCI/doc/Бухгалтерия/ПОРУЧ_1нн.rtf
2017-03-29 16:12:02.601064 ==> D:/DOCI/doc/Бухгалтерия/реквизит ИА Ночные Новости.txt
2017-03-29 16:12:02.601064 ==> D:/DOCI/doc/Бухгалтерия/розыск.doc
2017-03-29 16:12:02.601064 ==> D:/DOCI/doc/Бухгалтерия/с нами выгодно1.doc
2017-03-29 16:12:02.601064 ==> D:/DOCI/doc/Бухгалтерия/Спонсорский пакет НН.doc
2017-03-29 16:12:02.601064 ==> D:/DOCI/doc/Бухгалтерия/Спонсорский пакет НН1.doc
2017-03-29 16:12:02.601064 ==> D:/DOCI/doc/Бухгалтерия/Спонсорский пакет ННобщ.doc
2017-03-29 16:12:02.601064 ==> D:/DOCI/doc/Бухгалтерия/Сувенирная продукция.ppt
2017-03-29 16:12:02.601064 ==> D:/DOCI/doc/Бухгалтерия/счёт 4.doc
2017-03-29 16:12:02.601064 ==> D:/DOCI/doc/Бухгалтерия/счётбейк.doc
2017-03-29 16:12:02.601064 ==> D:/DOCI/doc/Бухгалтерия/счет4.doc
2017-03-29 16:12:02.601064 ==> D:/DOCI/doc/Бухгалтерия/ТВ СМИ.DO.doc
2017-03-29 16:12:02.601064 ==> D:/DOCI/doc/Бухгалтерия/Характеристика Ольга.doc
2017-03-29 16:12:02.601064 ==> D:/DOCI/doc/Бухгалтерия/договора каналы/Untitled-1.jpg
2017-03-29 16:12:02.601064 ==> D:/DOCI/doc/Бухгалтерия/договора каналы/Untitled-2.jpg
2017-03-29 16:12:02.601064 ==> D:/DOCI/doc/Бухгалтерия/договора каналы/Untitled-3.jpg
2017-03-29 16:12:02.601064 ==> D:/DOCI/doc/Бухгалтерия/договора каналы/Договор ВЕСТИ.doc
2017-03-29 16:12:02.601064 ==> D:/DOCI/doc/Бухгалтерия/договора каналы/Договор Ермак.doc
2017-03-29 16:12:02.601064 ==> D:/DOCI/doc/Бухгалтерия/договора каналы/Договор на 41канал.doc
2017-03-29 16:12:02.601064 ==> D:/DOCI/doc/Бухгалтерия/договора каналы/Договор на 50.doc
2017-03-29 16:12:02.601064 ==> D:/DOCI/doc/Бухгалтерия/договора каналы/Договор на НТВ.doc
2017-03-29 16:12:02.601064 ==> D:/DOCI/doc/Бухгалтерия/договора каналы/Договор общий .doc
2017-03-29 16:12:02.601064 ==> D:/DOCI/doc/Бухгалтерия/договора каналы/Договор общий абонент .doc
2017-03-29 16:12:02.601064 ==> D:/DOCI/doc/Бухгалтерия/договора каналы/Договор ОТВ .doc
2017-03-29 16:12:02.601064 ==> D:/DOCI/doc/Бухгалтерия/договора каналы/Договор ОТВабонент .doc
2017-03-29 16:12:02.601064 ==> D:/DOCI/doc/Бухгалтерия/договора каналы/Договор ТВЦ.doc
2017-03-29 16:12:02.601064 ==> D:/DOCI/doc/Бухгалтерия/договора каналы/Договор ЦТУ абонент .doc
2017-03-29 16:12:02.601064 ==> D:/DOCI/doc/Бухгалтерия/договора каналы/Договор4канал абон.doc
2017-03-29 16:12:02.601064 ==> D:/DOCI/doc/Бухгалтерия/договора каналы/Договор4канал.doc
2017-03-29 16:12:02.601064 ==> D:/DOCI/doc/Бухгалтерия/договора каналы/Ночные новости-передача прав.doc
2017-03-29 16:12:02.601064 ==> D:/DOCI/doc/Бухгалтерия/КАК НАДО/ПРИМЕР.doc
2017-03-29 16:12:02.601064 ==> D:/DOCI/doc/Бухгалтерия/прайс/russian_radio.doc
2017-03-29 16:12:02.601064 ==> D:/DOCI/doc/Бухгалтерия/прайс/Копия REN-TV 06 2004.xls
2017-03-29 16:12:02.601064 ==> D:/DOCI/doc/Бухгалтерия/прайс/Копия tagil_tv.xls
2017-03-29 16:12:02.601064 ==> D:/DOCI/doc/Бухгалтерия/прайс/Копия Ермак 06 2004.xls
2017-03-29 16:12:02.601064 ==> D:/DOCI/doc/Бухгалтерия/прайс/прайс 4.doc
2017-03-29 16:12:02.601064 ==> D:/DOCI/doc/Бухгалтерия/прайс/прайс НТВ.doc
2017-03-29 16:12:02.601064 ==> D:/DOCI/doc/Бухгалтерия/прайсы каналов/4 канал 10 2004.xls
2017-03-29 16:12:02.601064 ==> D:/DOCI/doc/Бухгалтерия/прайсы каналов/БегущаяАТН+10к.doc
2017-03-29 16:12:02.601064 ==> D:/DOCI/doc/Бухгалтерия/прайсы каналов/ОТВ.doc
2017-03-29 16:12:02.601064 ==> D:/DOCI/doc/Бухгалтерия/прайсы каналов/прайс 4 канал.doc
2017-03-29 16:12:02.601064 ==> D:/DOCI/doc/Бухгалтерия/прайсы каналов/Прайс АТН.xls
2017-03-29 16:12:02.601064 ==> D:/DOCI/doc/Бухгалтерия/прайсы каналов/Прайс РТК 15 06 04.xls
2017-03-29 16:12:02.601064 ==> D:/DOCI/doc/Бухгалтерия/прайсы каналов/Прайс Студии-41 с 7 июня 2004.xls
2017-03-29 16:12:02.601064 ==> D:/DOCI/doc/Бухгалтерия/прайсы каналов/Прайс ЦТУ с 1 июня 2004.xls
2017-03-29 16:12:02.601064 ==> D:/DOCI/doc/Бухгалтерия/прайсы каналов/ТАУ - с 26 июля 2004.xls
2017-03-29 16:12:02.601064 ==> D:/DOCI/doc/Бухгалтерия/прайсы каналов/ТАУ.doc
2017-03-29 16:12:02.601064 ==> D:/DOCI/doc/Бухгалтерия/прайсы каналов/ТВЦ  01.09.2004.xls
2017-03-29 16:12:02.601064 ==> D:/DOCI/doc/Бухгалтерия/прайсы каналов/Телец Бегущая строка 2004.xls
2017-03-29 16:12:02.602064 ==> D:/DOCI/doc/Бухгалтерия/прайсы каналов/транспорт_прайс_э.xls
2017-03-29 16:12:02.602064 ==> D:/DOCI/doc/Бухгалтерия/прайсы каналов/ком сюж. АТН/VIP,Премиум,Бизнес карта.doc
2017-03-29 16:12:02.602064 ==> D:/DOCI/doc/Бухгалтерия/прайсы каналов/ком сюж. АТН/Вечерний киносеанс.doc
2017-03-29 16:12:02.602064 ==> D:/DOCI/doc/Бухгалтерия/прайсы каналов/ком сюж. АТН/выгода для спортзала_Кровь с молоком.doc
2017-03-29 16:12:02.602064 ==> D:/DOCI/doc/Бухгалтерия/прайсы каналов/ком сюж. АТН/Две трети.doc
2017-03-29 16:12:02.602064 ==> D:/DOCI/doc/Бухгалтерия/прайсы каналов/ком сюж. АТН/Дом, который.doc
2017-03-29 16:12:02.602064 ==> D:/DOCI/doc/Бухгалтерия/прайсы каналов/ком сюж. АТН/Есть вопрос.doc
2017-03-29 16:12:02.602064 ==> D:/DOCI/doc/Бухгалтерия/прайсы каналов/ком сюж. АТН/Погода.doc
2017-03-29 16:12:02.602064 ==> D:/DOCI/doc/Бухгалтерия/прайсы каналов/ком сюж. АТН/ПрайсДУ160804.doc
2017-03-29 16:12:02.602064 ==> D:/DOCI/doc/Бухгалтерия/прайсы каналов/ком сюж. АТН/Предложение студии VIP-TV новое 0704.doc
2017-03-29 16:12:02.602064 ==> D:/DOCI/doc/Бухгалтерия/прайсы каналов/ком сюж. АТН/Рестораны.doc
2017-03-29 16:12:02.602064 ==> D:/DOCI/doc/Бухгалтерия/прайсы каналов/ком сюж. АТН/суперАТНновый.doc
2017-03-29 16:12:02.602064 ==> D:/DOCI/doc/Бухгалтерия/прайсы каналов/ком сюж. АТН/финансистам.doc
2017-03-29 16:12:02.602064 ==> D:/DOCI/doc/Бухгалтерия/прайсы каналов/ком сюж. АТН/Я выбираю с 22 августа 2004.doc
2017-03-29 16:12:02.602064 ==> D:/DOCI/doc/Бухгалтерия/прайсы радио/Прайс Динамит-май.doc
2017-03-29 16:12:02.602064 ==> D:/DOCI/doc/Бухгалтерия/прайсы радио/Прайс Европа Плюс май.doc
2017-03-29 16:12:02.602064 ==> D:/DOCI/doc/Бухгалтерия/прайсы радио/Прайс от 16.02.2004.doc
2017-03-29 16:12:02.602064 ==> D:/DOCI/doc/Бухгалтерия/прайсы радио/Прайс РРмай.doc
2017-03-29 16:12:02.602064 ==> D:/DOCI/doc/Бухгалтерия/прайсы радио/Прайс Шансон-май.doc
2017-03-29 16:12:02.602064 ==> D:/DOCI/doc/Бухгалтерия/прайсы радио/медиа/Желдор  Русское 15.xls
2017-03-29 16:12:02.602064 ==> D:/DOCI/doc/Бухгалтерия/прайсы радио/медиа/Желдор Динамит 15.xls
2017-03-29 16:12:02.602064 ==> D:/DOCI/doc/Бухгалтерия/прайсы радио/медиа/Желдор ФМ 107  15.xls
2017-03-29 16:12:02.602064 ==> D:/DOCI/doc/Бухгалтерия/прайсы радио/медиа/Желдор Шансон  15.xls
2017-03-29 16:12:02.602064 ==> D:/DOCI/doc/Бухгалтерия/прайсы радио/медиа/к- Русское 15.xls
2017-03-29 16:12:02.602064 ==> D:/DOCI/doc/Бухгалтерия/прайсы радио/медиа/к- Русское 25.xls
2017-03-29 16:12:02.602064 ==> D:/DOCI/doc/Бухгалтерия/прайсы радио/медиа/к- ХИТ  15.xls
2017-03-29 16:12:02.602064 ==> D:/DOCI/doc/Бухгалтерия/прайсы радио/медиа/к- ХИТ  25.xls
2017-03-29 16:12:02.602064 ==> D:/DOCI/doc/Бухгалтерия/прайсы радио/медиа/к- Шансон  15.xls
2017-03-29 16:12:02.602064 ==> D:/DOCI/doc/Бухгалтерия/прайсы радио/медиа/к- Шансон  25.xls
2017-03-29 16:12:02.602064 ==> D:/DOCI/doc/Бухгалтерия/прайсы радио/медиа/к-Динамит 15.xls
2017-03-29 16:12:02.602064 ==> D:/DOCI/doc/Бухгалтерия/прайсы радио/медиа/к-Динамит 25.xls
2017-03-29 16:12:02.602064 ==> D:/DOCI/doc/Бухгалтерия/Предложения ТОТЕМ/Ком. предл. комплекс.doc
2017-03-29 16:12:02.602064 ==> D:/DOCI/doc/Бухгалтерия/Предложения ТОТЕМ/прайс мерседес.doc
2017-03-29 16:12:02.602064 ==> D:/DOCI/doc/Бухгалтерия/Предложения ТОТЕМ/ПРАЙС НА ПЕЧАТНУЮ ПРОДУКЦИЮ.doc
2017-03-29 16:12:02.602064 ==> D:/DOCI/doc/Бухгалтерия/Предложения ТОТЕМ/Прайс по видео производству.doc
2017-03-29 16:12:02.602064 ==> D:/DOCI/doc/Бухгалтерия/Предложения ТОТЕМ/Прайс сувенирка.doc
2017-03-29 16:12:02.602064 ==> D:/DOCI/doc/Бухгалтерия/Предложения ТОТЕМ/прайс ш-ф общий1.doc
2017-03-29 16:12:02.602064 ==> D:/DOCI/doc/Бухгалтерия/Предложения ТОТЕМ/предл транспорт ектб, н.тагил, тюмень.doc
2017-03-29 16:12:02.602064 ==> D:/DOCI/doc/Бухгалтерия/ТАУ/Всплывающий Баннер (1).doc
2017-03-29 16:12:02.602064 ==> D:/DOCI/doc/Бухгалтерия/ТАУ/Ночные новости - отчет.doc
2017-03-29 16:12:02.602064 ==> D:/DOCI/doc/Бухгалтерия/ТАУ/Ночные Новости.xls
2017-03-29 16:12:02.602064 ==> D:/DOCI/doc/Бухгалтерия/ТАУ/Размещение Роликов и Сюжетов.doc
2017-03-29 16:12:02.602064 ==> D:/DOCI/doc/Бухгалтерия/ТАУ/ТАУ-с 21 мая-2004.xls
2017-03-29 16:12:02.602064 ==> D:/DOCI/doc/Бухгалтерия/ТАУ/СМИ/0.rtf
2017-03-29 16:12:02.602064 ==> D:/DOCI/doc/Бухгалтерия/ТАУ/СМИ/ПРО СМИ.doc
2017-03-29 16:12:02.602064 ==> D:/DOCI/doc/Бухгалтерия/ТАУ/СМИ/Сбор за регистрацию СМИ.doc
2017-03-29 16:12:02.602064 ==> D:/DOCI/DOCFULL/%смета2.doc
2017-03-29 16:12:02.602064 ==> D:/DOCI/DOCFULL/%сметакино.doc
2017-03-29 16:12:02.602064 ==> D:/DOCI/DOCFULL/1907-2707[1].doc.xls
2017-03-29 16:12:02.602064 ==> D:/DOCI/DOCFULL/BABKI.doc
2017-03-29 16:12:02.602064 ==> D:/DOCI/DOCFULL/CA8L6LFW.doc
2017-03-29 16:12:02.602064 ==> D:/DOCI/DOCFULL/CA9OWR5T.doc
2017-03-29 16:12:02.602064 ==> D:/DOCI/DOCFULL/CAJAKFN1.DOC
2017-03-29 16:12:02.602064 ==> D:/DOCI/DOCFULL/CAVYYPJ3.doc
2017-03-29 16:12:02.602064 ==> D:/DOCI/DOCFULL/CAXOOB9T.doc
2017-03-29 16:12:02.602064 ==> D:/DOCI/DOCFULL/kak_stat_bogache_v_2_raza_2.doc
2017-03-29 16:12:02.602064 ==> D:/DOCI/DOCFULL/kod.doc
2017-03-29 16:12:02.602064 ==> D:/DOCI/DOCFULL/NNblank.doc
2017-03-29 16:12:02.602064 ==> D:/DOCI/DOCFULL/NNспонсор.doc
2017-03-29 16:12:02.602064 ==> D:/DOCI/DOCFULL/Patrushev.doc
2017-03-29 16:12:02.602064 ==> D:/DOCI/DOCFULL/Premiere AAF plug-in.doc
2017-03-29 16:12:02.602064 ==> D:/DOCI/DOCFULL/RUSSIAN B C.doc
2017-03-29 16:12:02.602064 ==> D:/DOCI/DOCFULL/russian_radio.doc
2017-03-29 16:12:02.602064 ==> D:/DOCI/DOCFULL/smeta.doc
2017-03-29 16:12:02.602064 ==> D:/DOCI/DOCFULL/view.doc
2017-03-29 16:12:02.602064 ==> D:/DOCI/DOCFULL/view3.doc
2017-03-29 16:12:02.602064 ==> D:/DOCI/DOCFULL/yluj.doc
2017-03-29 16:12:02.602064 ==> D:/DOCI/DOCFULL/~$етакиноПМвидео.doc
2017-03-29 16:12:02.602064 ==> D:/DOCI/DOCFULL/а девочка созрела.doc
2017-03-29 16:12:02.602064 ==> D:/DOCI/DOCFULL/акт сверки 4к.doc
2017-03-29 16:12:02.602064 ==> D:/DOCI/DOCFULL/акт сверки1 4к.doc
2017-03-29 16:12:02.602064 ==> D:/DOCI/DOCFULL/АНКЕТЫ УЧАСТНИКОВ.doc
2017-03-29 16:12:02.602064 ==> D:/DOCI/DOCFULL/арго.doc
2017-03-29 16:12:02.602064 ==> D:/DOCI/DOCFULL/АСП.doc
2017-03-29 16:12:02.602064 ==> D:/DOCI/DOCFULL/АСПсмета.doc
2017-03-29 16:12:02.602064 ==> D:/DOCI/DOCFULL/АСПтехзадание.doc
2017-03-29 16:12:02.602064 ==> D:/DOCI/DOCFULL/аудио.doc
2017-03-29 16:12:02.602064 ==> D:/DOCI/DOCFULL/бани.doc
2017-03-29 16:12:02.602064 ==> D:/DOCI/DOCFULL/Вводка к всероссийской акции учителей..doc
2017-03-29 16:12:02.602064 ==> D:/DOCI/DOCFULL/Верхний Тагил2.doc
2017-03-29 16:12:02.602064 ==> D:/DOCI/DOCFULL/видео-ролики BEST OF.doc
2017-03-29 16:12:02.602064 ==> D:/DOCI/DOCFULL/ВОДА НОВОКУРЬИНСКАЯ2.doc
2017-03-29 16:12:02.602064 ==> D:/DOCI/DOCFULL/ВОДА НОВОКУРЬИНСКАЯ3.doc
2017-03-29 16:12:02.602064 ==> D:/DOCI/DOCFULL/Война с портретами.doc
2017-03-29 16:12:02.603064 ==> D:/DOCI/DOCFULL/Всплывающий Баннер (1).doc
2017-03-29 16:12:02.603064 ==> D:/DOCI/DOCFULL/встречи.doc
2017-03-29 16:12:02.603064 ==> D:/DOCI/DOCFULL/Выплаты.doc
2017-03-29 16:12:02.603064 ==> D:/DOCI/DOCFULL/габби.doc
2017-03-29 16:12:02.603064 ==> D:/DOCI/DOCFULL/График проведения съемок.doc
2017-03-29 16:12:02.603064 ==> D:/DOCI/DOCFULL/ГУИН.doc
2017-03-29 16:12:02.603064 ==> D:/DOCI/DOCFULL/Дата.doc
2017-03-29 16:12:02.603064 ==> D:/DOCI/DOCFULL/Дата2.doc
2017-03-29 16:12:02.603064 ==> D:/DOCI/DOCFULL/детектив.doc
2017-03-29 16:12:02.603064 ==> D:/DOCI/DOCFULL/длд.doc
2017-03-29 16:12:02.603064 ==> D:/DOCI/DOCFULL/Для исключительно важных задач нужны.doc
2017-03-29 16:12:02.603064 ==> D:/DOCI/DOCFULL/Добрый день Сергей.doc
2017-03-29 16:12:02.603064 ==> D:/DOCI/DOCFULL/договор для сереги.doc
2017-03-29 16:12:02.603064 ==> D:/DOCI/DOCFULL/договор на изготовление  видео частн .doc
2017-03-29 16:12:02.603064 ==> D:/DOCI/DOCFULL/Договор4канал.doc
2017-03-29 16:12:02.603064 ==> D:/DOCI/DOCFULL/ждо.doc
2017-03-29 16:12:02.603064 ==> D:/DOCI/DOCFULL/заслуги.doc
2017-03-29 16:12:02.603064 ==> D:/DOCI/DOCFULL/ИК2авто.doc
2017-03-29 16:12:02.603064 ==> D:/DOCI/DOCFULL/Информашка.doc
2017-03-29 16:12:02.603064 ==> D:/DOCI/DOCFULL/КАДРЫ ВЫБОРОВ ИЛИ СИДЯЩИХ В ЗАЛАХ ЗАДУМЧИВЫХ ЛЮДЕЙ.doc
2017-03-29 16:12:02.603064 ==> D:/DOCI/DOCFULL/Как устанавливать тачки.doc
2017-03-29 16:12:02.603064 ==> D:/DOCI/DOCFULL/капап.doc
2017-03-29 16:12:02.603064 ==> D:/DOCI/DOCFULL/Кировград.doc
2017-03-29 16:12:02.603064 ==> D:/DOCI/DOCFULL/Ком. предл. комплекс.doc
2017-03-29 16:12:02.603064 ==> D:/DOCI/DOCFULL/Комментарии к листовке.doc
2017-03-29 16:12:02.603064 ==> D:/DOCI/DOCFULL/Концепция позиционирования.doc
2017-03-29 16:12:02.603064 ==> D:/DOCI/DOCFULL/Корытов.doc
2017-03-29 16:12:02.603064 ==> D:/DOCI/DOCFULL/лента новостей.doc
2017-03-29 16:12:02.603064 ==> D:/DOCI/DOCFULL/лидер.doc
2017-03-29 16:12:02.603064 ==> D:/DOCI/DOCFULL/лоббист.doc
2017-03-29 16:12:02.603064 ==> D:/DOCI/DOCFULL/Лучший_вариант.doc
2017-03-29 16:12:02.603064 ==> D:/DOCI/DOCFULL/магнум.doc
2017-03-29 16:12:02.603064 ==> D:/DOCI/DOCFULL/Малый Теат1.doc
2017-03-29 16:12:02.603064 ==> D:/DOCI/DOCFULL/Маниченко.doc
2017-03-29 16:12:02.603064 ==> D:/DOCI/DOCFULL/Начальнику Управления ГИБД1.doc
2017-03-29 16:12:02.603064 ==> D:/DOCI/DOCFULL/Невьянский район2.doc
2017-03-29 16:12:02.603064 ==> D:/DOCI/DOCFULL/Нижнетагил.doc
2017-03-29 16:12:02.603064 ==> D:/DOCI/DOCFULL/Новоуральск2.doc
2017-03-29 16:12:02.603064 ==> D:/DOCI/DOCFULL/новый сода.doc
2017-03-29 16:12:02.603064 ==> D:/DOCI/DOCFULL/Новый сценарий кинопере.doc
2017-03-29 16:12:02.603064 ==> D:/DOCI/DOCFULL/Новый сценарий.doc
2017-03-29 16:12:02.603064 ==> D:/DOCI/DOCFULL/Ночные новости - отчет.doc
2017-03-29 16:12:02.603064 ==> D:/DOCI/DOCFULL/ОТВ.doc
2017-03-29 16:12:02.603064 ==> D:/DOCI/DOCFULL/Ответ Конышеву.doc
2017-03-29 16:12:02.603064 ==> D:/DOCI/DOCFULL/Очень медленно открывается дверь.doc
2017-03-29 16:12:02.603064 ==> D:/DOCI/DOCFULL/Паньшин П.doc
2017-03-29 16:12:02.603064 ==> D:/DOCI/DOCFULL/пас2.doc
2017-03-29 16:12:02.603064 ==> D:/DOCI/DOCFULL/пач.doc
2017-03-29 16:12:02.603064 ==> D:/DOCI/DOCFULL/Первый полнометражный художественно.doc
2017-03-29 16:12:02.603064 ==> D:/DOCI/DOCFULL/переделка детектива.doc
2017-03-29 16:12:02.603064 ==> D:/DOCI/DOCFULL/Передовица2.doc
2017-03-29 16:12:02.603064 ==> D:/DOCI/DOCFULL/плюсыминусы.doc
2017-03-29 16:12:02.603064 ==> D:/DOCI/DOCFULL/подборка1.doc
2017-03-29 16:12:02.603064 ==> D:/DOCI/DOCFULL/подборка2.doc
2017-03-29 16:12:02.603064 ==> D:/DOCI/DOCFULL/поздравления.doc
2017-03-29 16:12:02.603064 ==> D:/DOCI/DOCFULL/позиция.doc
2017-03-29 16:12:02.603064 ==> D:/DOCI/DOCFULL/ПОЛЯРЭКС.doc
2017-03-29 16:12:02.603064 ==> D:/DOCI/DOCFULL/ПОЛЯРЭКСсмета.doc
2017-03-29 16:12:02.603064 ==> D:/DOCI/DOCFULL/прайс 4.doc
2017-03-29 16:12:02.603064 ==> D:/DOCI/DOCFULL/Прайс Динамит-май.doc
2017-03-29 16:12:02.603064 ==> D:/DOCI/DOCFULL/Прайс Европа Плюс май.doc
2017-03-29 16:12:02.603064 ==> D:/DOCI/DOCFULL/прайс мерседес.doc
2017-03-29 16:12:02.603064 ==> D:/DOCI/DOCFULL/ПРАЙС НА ПЕЧАТНУЮ ПРОДУКЦИЮ.doc
2017-03-29 16:12:02.603064 ==> D:/DOCI/DOCFULL/прайс НТВ.doc
2017-03-29 16:12:02.603064 ==> D:/DOCI/DOCFULL/Прайс от 16.02.2004.doc
2017-03-29 16:12:02.603064 ==> D:/DOCI/DOCFULL/Прайс по видео производству.doc
2017-03-29 16:12:02.603064 ==> D:/DOCI/DOCFULL/Прайс РРмай.doc
2017-03-29 16:12:02.603064 ==> D:/DOCI/DOCFULL/Прайс сувенирка.doc
2017-03-29 16:12:02.603064 ==> D:/DOCI/DOCFULL/прайс ш-ф общий1.doc
2017-03-29 16:12:02.603064 ==> D:/DOCI/DOCFULL/Прайс Шансон-май.doc
2017-03-29 16:12:02.603064 ==> D:/DOCI/DOCFULL/Пригородный район2.doc
2017-03-29 16:12:02.603064 ==> D:/DOCI/DOCFULL/Проблемы села.doc
2017-03-29 16:12:02.603064 ==> D:/DOCI/DOCFULL/Программа позиционирования личности через сми в данном случа.doc
2017-03-29 16:12:02.603064 ==> D:/DOCI/DOCFULL/продукт.doc
2017-03-29 16:12:02.603064 ==> D:/DOCI/DOCFULL/промы.doc
2017-03-29 16:12:02.603064 ==> D:/DOCI/DOCFULL/РљРѕРјРјРµСЂС‡РµСЃРєРѕРµ+РїСЂРµРґР»РѕР¶РµРЅРёРµ+111.doc
2017-03-29 16:12:02.603064 ==> D:/DOCI/DOCFULL/Размещение Роликов и Сюжетов.doc
2017-03-29 16:12:02.603064 ==> D:/DOCI/DOCFULL/редакционная3.doc
2017-03-29 16:12:02.603064 ==> D:/DOCI/DOCFULL/Резюме.doc
2017-03-29 16:12:02.603064 ==> D:/DOCI/DOCFULL/РоликиУБРиРсмета2.doc
2017-03-29 16:12:02.603064 ==> D:/DOCI/DOCFULL/Романов.Текст..doc
2017-03-29 16:12:02.603064 ==> D:/DOCI/DOCFULL/с нами выгодно1.doc
2017-03-29 16:12:02.603064 ==> D:/DOCI/DOCFULL/Сделано в госдуме.doc
2017-03-29 16:12:02.604064 ==> D:/DOCI/DOCFULL/Сидорчук Елена.doc
2017-03-29 16:12:02.604064 ==> D:/DOCI/DOCFULL/сметаАГИТ.doc
2017-03-29 16:12:02.604064 ==> D:/DOCI/DOCFULL/сметаГорд.doc
2017-03-29 16:12:02.604064 ==> D:/DOCI/DOCFULL/сметакиноVINIL.doc
2017-03-29 16:12:02.604064 ==> D:/DOCI/DOCFULL/сметакиноПМ.doc
2017-03-29 16:12:02.604064 ==> D:/DOCI/DOCFULL/сметакиноПМвидео.doc
2017-03-29 16:12:02.604064 ==> D:/DOCI/DOCFULL/сметакиноПМкино.doc
2017-03-29 16:12:02.604064 ==> D:/DOCI/DOCFULL/снасти.doc
2017-03-29 16:12:02.604064 ==> D:/DOCI/DOCFULL/сода.doc
2017-03-29 16:12:02.604064 ==> D:/DOCI/DOCFULL/Социология.doc
2017-03-29 16:12:02.604064 ==> D:/DOCI/DOCFULL/СТРАСТИ.doc
2017-03-29 16:12:02.604064 ==> D:/DOCI/DOCFULL/Структура раздела.doc
2017-03-29 16:12:02.604064 ==> D:/DOCI/DOCFULL/Сценарии+для+дез+видео.doc
2017-03-29 16:12:02.604064 ==> D:/DOCI/DOCFULL/Сценарий не фильма.doc
2017-03-29 16:12:02.604064 ==> D:/DOCI/DOCFULL/сценарийVINILвсе нормально.doc
2017-03-29 16:12:02.604064 ==> D:/DOCI/DOCFULL/сценарийVINILсчастье.doc
2017-03-29 16:12:02.604064 ==> D:/DOCI/DOCFULL/сценарий_кузнецову.doc
2017-03-29 16:12:02.604064 ==> D:/DOCI/DOCFULL/сценарий_кузнецову__полнн.doc
2017-03-29 16:12:02.604064 ==> D:/DOCI/DOCFULL/Сценарные идеи.doc
2017-03-29 16:12:02.604064 ==> D:/DOCI/DOCFULL/счётбейк.doc
2017-03-29 16:12:02.604064 ==> D:/DOCI/DOCFULL/ТАУ.doc
2017-03-29 16:12:02.604064 ==> D:/DOCI/DOCFULL/текст для макета.doc
2017-03-29 16:12:02.604064 ==> D:/DOCI/DOCFULL/Текст песни.doc
2017-03-29 16:12:02.604064 ==> D:/DOCI/DOCFULL/Текст ролика автозвук.doc
2017-03-29 16:12:02.604064 ==> D:/DOCI/DOCFULL/телефоны.doc
2017-03-29 16:12:02.604064 ==> D:/DOCI/DOCFULL/филм.doc
2017-03-29 16:12:02.604064 ==> D:/DOCI/DOCFULL/финальные титры.doc
2017-03-29 16:12:02.604064 ==> D:/DOCI/DOCFULL/Фирмы.doc
2017-03-29 16:12:02.604064 ==> D:/DOCI/DOCFULL/Хадсон.doc
2017-03-29 16:12:02.604064 ==> D:/DOCI/DOCFULL/характер.doc
2017-03-29 16:12:02.604064 ==> D:/DOCI/DOCFULL/Харин Павел.doc
2017-03-29 16:12:02.604064 ==> D:/DOCI/DOCFULL/ЦЕЛЮЛОЗНЫЙ ЗАВОД.doc
2017-03-29 16:12:02.604064 ==> D:/DOCI/DOCFULL/Шин Александр.doc
2017-03-29 16:12:02.604064 ==> D:/DOCI/DOCFULL/ШОУ.doc
2017-03-29 16:12:02.604064 ==> D:/DOCI/DOCFULL/Эконом.doc
2017-03-29 16:12:02.604064 ==> D:/DOCI/DOCFULL/ЮВЕЛИРНЫЙ ДОМ.doc
2017-03-29 16:12:02.604064 ==> D:/DOCI/DOCFULL/Юта Жили - Были.doc
2017-03-29 16:12:02.604064 ==> D:/DOCI/ZVUK/отчёт2.doc
2017-03-29 16:12:02.604064 ==> D:/DOCI/ZVUK/отчет.doc
2017-03-29 16:12:02.604064 ==> D:/DOCI/ДОПИСКИ/BOOTEX.LOG
2017-03-29 16:12:02.604064 ==> D:/DOCI/ДОПИСКИ/JABLONEX.doc
2017-03-29 16:12:02.604064 ==> D:/DOCI/прайс/Копия REN-TV 06 2004.xls
2017-03-29 16:12:02.604064 ==> D:/DOCI/прайс/Копия tagil_tv.xls
2017-03-29 16:12:02.604064 ==> D:/DOCI/прайс/Копия Ермак 06 2004.xls
2017-03-29 16:12:02.604064 ==> D:/DOCI/ТАУ/Ночные Новости.xls
2017-03-29 16:12:02.604064 ==> D:/DOCI/ЮД/TEKST.doc
2017-03-29 16:12:02.604064 ==> D:/DOCI/ЮД/договор ЮД .doc
2017-03-29 16:12:02.604064 ==> D:/DOCI/ЮД/Накладная серёга.XLS
2017-03-29 16:12:02.604064 ==> D:/DOCI/ЮД/серёга.doc
2017-03-29 16:12:02.604064 ==> D:/DOCI/ЮД/счёт серёга.XLS
